<?xml version="1.0" encoding="UTF-8"?>
<!-- Generated by org.testng.reporters.JUnitReportReporter -->
<testsuite skipped="0" hostname="DESKTOP-1B5EHLS" name="com.piit.bootcamp.Horizon.Exe_FinDoctor_P1" tests="1" failures="0" timestamp="24 Dec 2019 21:30:22 GMT" time="46.242" errors="0">
  <testcase name="f" time="46.242" classname="com.piit.bootcamp.Horizon.Exe_FinDoctor_P1"/>
</testsuite> <!-- com.piit.bootcamp.Horizon.Exe_FinDoctor_P1 -->
