<?xml version="1.0" encoding="UTF-8"?>
<!-- Generated by org.testng.reporters.JUnitReportReporter -->
<testsuite skipped="0" hostname="DESKTOP-1B5EHLS" name="com.piit.bootcamp.Horizon.Execution_HorizonNJ" tests="1" failures="0" timestamp="24 Dec 2019 21:30:22 GMT" time="30.658" errors="0">
  <testcase name="f" time="30.658" classname="com.piit.bootcamp.Horizon.Execution_HorizonNJ"/>
</testsuite> <!-- com.piit.bootcamp.Horizon.Execution_HorizonNJ -->
