<?xml version="1.0" encoding="UTF-8"?>
<!-- Generated by org.testng.reporters.JUnitReportReporter -->
<testsuite skipped="0" hostname="DESKTOP-1B5EHLS" name="com.piit.bootcamp.Horizon.Exe_Contact_TC2" tests="1" failures="0" timestamp="24 Dec 2019 22:09:04 GMT" time="0.830" errors="0">
  <testcase name="f" time="0.830" classname="com.piit.bootcamp.Horizon.Exe_Contact_TC2"/>
</testsuite> <!-- com.piit.bootcamp.Horizon.Exe_Contact_TC2 -->
