<?xml version="1.0" encoding="UTF-8"?>
<!-- Generated by org.testng.reporters.JUnitReportReporter -->
<testsuite hostname="DESKTOP-6E8R8I6" failures="0" tests="1" name="com.piit.bootcamp.Horizon.Execution_HorizonNJ_TC1" time="30.257" errors="0" timestamp="2021-02-20T13:21:01 EST" skipped="0">
  <testcase classname="com.piit.bootcamp.Horizon.Execution_HorizonNJ_TC1" name="f" time="30.257"/>
  <system-out/>
</testsuite> <!-- com.piit.bootcamp.Horizon.Execution_HorizonNJ_TC1 -->
