<?xml version="1.0" encoding="UTF-8"?>
<!-- Generated by org.testng.reporters.JUnitReportReporter -->
<testsuite skipped="0" hostname="DESKTOP-1B5EHLS" name="com.piit.bootcamp.Horizon.Exe_Contact_TC3" tests="2" failures="0" timestamp="31 Dec 2019 08:27:37 GMT" time="16.442" errors="0">
  <testcase name="f" time="8.164" classname="com.piit.bootcamp.Horizon.Exe_Contact_TC3"/>
  <testcase name="f" time="8.278" classname="com.piit.bootcamp.Horizon.Exe_Contact_TC3"/>
</testsuite> <!-- com.piit.bootcamp.Horizon.Exe_Contact_TC3 -->
